<?xml version="1.0" encoding="UTF-8"?>
<testsuite xmlns:xsi="http://www.w3.org/2001/XMLSchema-instance" xsi:noNamespaceSchemaLocation="https://maven.apache.org/surefire/maven-surefire-plugin/xsd/surefire-test-report.xsd" name="com.pair.DemoApplicationTests" time="10.821" tests="1" errors="0" skipped="0" failures="0">
  <properties>
    <property name="sun.desktop" value="windows"/>
    <property name="awt.toolkit" value="sun.awt.windows.WToolkit"/>
    <property name="file.encoding.pkg" value="sun.io"/>
    <property name="java.specification.version" value="1.8"/>
    <property name="sun.cpu.isalist" value="amd64"/>
    <property name="sun.jnu.encoding" value="GBK"/>
    <property name="java.class.path" value="C:\Users\WWJ20\Documents\GitHub\PairProject\pairProject\target\test-classes;C:\Users\WWJ20\Documents\GitHub\PairProject\pairProject\target\classes;D:\maven\apache-maven-3.6.3\maven-repo\org\springframework\boot\spring-boot-starter-web\2.4.3\spring-boot-starter-web-2.4.3.jar;D:\maven\apache-maven-3.6.3\maven-repo\org\springframework\boot\spring-boot-starter\2.4.3\spring-boot-starter-2.4.3.jar;D:\maven\apache-maven-3.6.3\maven-repo\org\springframework\boot\spring-boot\2.4.3\spring-boot-2.4.3.jar;D:\maven\apache-maven-3.6.3\maven-repo\org\springframework\boot\spring-boot-autoconfigure\2.4.3\spring-boot-autoconfigure-2.4.3.jar;D:\maven\apache-maven-3.6.3\maven-repo\org\springframework\boot\spring-boot-starter-logging\2.4.3\spring-boot-starter-logging-2.4.3.jar;D:\maven\apache-maven-3.6.3\maven-repo\ch\qos\logback\logback-classic\1.2.3\logback-classic-1.2.3.jar;D:\maven\apache-maven-3.6.3\maven-repo\ch\qos\logback\logback-core\1.2.3\logback-core-1.2.3.jar;D:\maven\apache-maven-3.6.3\maven-repo\org\apache\logging\log4j\log4j-to-slf4j\2.13.3\log4j-to-slf4j-2.13.3.jar;D:\maven\apache-maven-3.6.3\maven-repo\org\apache\logging\log4j\log4j-api\2.13.3\log4j-api-2.13.3.jar;D:\maven\apache-maven-3.6.3\maven-repo\org\slf4j\jul-to-slf4j\1.7.30\jul-to-slf4j-1.7.30.jar;D:\maven\apache-maven-3.6.3\maven-repo\jakarta\annotation\jakarta.annotation-api\1.3.5\jakarta.annotation-api-1.3.5.jar;D:\maven\apache-maven-3.6.3\maven-repo\org\yaml\snakeyaml\1.27\snakeyaml-1.27.jar;D:\maven\apache-maven-3.6.3\maven-repo\org\springframework\boot\spring-boot-starter-json\2.4.3\spring-boot-starter-json-2.4.3.jar;D:\maven\apache-maven-3.6.3\maven-repo\com\fasterxml\jackson\core\jackson-databind\2.11.4\jackson-databind-2.11.4.jar;D:\maven\apache-maven-3.6.3\maven-repo\com\fasterxml\jackson\core\jackson-annotations\2.11.4\jackson-annotations-2.11.4.jar;D:\maven\apache-maven-3.6.3\maven-repo\com\fasterxml\jackson\core\jackson-core\2.11.4\jackson-core-2.11.4.jar;D:\maven\apache-maven-3.6.3\maven-repo\com\fasterxml\jackson\datatype\jackson-datatype-jdk8\2.11.4\jackson-datatype-jdk8-2.11.4.jar;D:\maven\apache-maven-3.6.3\maven-repo\com\fasterxml\jackson\datatype\jackson-datatype-jsr310\2.11.4\jackson-datatype-jsr310-2.11.4.jar;D:\maven\apache-maven-3.6.3\maven-repo\com\fasterxml\jackson\module\jackson-module-parameter-names\2.11.4\jackson-module-parameter-names-2.11.4.jar;D:\maven\apache-maven-3.6.3\maven-repo\org\springframework\boot\spring-boot-starter-tomcat\2.4.3\spring-boot-starter-tomcat-2.4.3.jar;D:\maven\apache-maven-3.6.3\maven-repo\org\apache\tomcat\embed\tomcat-embed-core\9.0.43\tomcat-embed-core-9.0.43.jar;D:\maven\apache-maven-3.6.3\maven-repo\org\glassfish\jakarta.el\3.0.3\jakarta.el-3.0.3.jar;D:\maven\apache-maven-3.6.3\maven-repo\org\apache\tomcat\embed\tomcat-embed-websocket\9.0.43\tomcat-embed-websocket-9.0.43.jar;D:\maven\apache-maven-3.6.3\maven-repo\org\springframework\spring-web\5.3.4\spring-web-5.3.4.jar;D:\maven\apache-maven-3.6.3\maven-repo\org\springframework\spring-beans\5.3.4\spring-beans-5.3.4.jar;D:\maven\apache-maven-3.6.3\maven-repo\org\springframework\spring-webmvc\5.3.4\spring-webmvc-5.3.4.jar;D:\maven\apache-maven-3.6.3\maven-repo\org\springframework\spring-aop\5.3.4\spring-aop-5.3.4.jar;D:\maven\apache-maven-3.6.3\maven-repo\org\springframework\spring-context\5.3.4\spring-context-5.3.4.jar;D:\maven\apache-maven-3.6.3\maven-repo\org\springframework\spring-expression\5.3.4\spring-expression-5.3.4.jar;D:\maven\apache-maven-3.6.3\maven-repo\org\springframework\boot\spring-boot-starter-test\2.4.3\spring-boot-starter-test-2.4.3.jar;D:\maven\apache-maven-3.6.3\maven-repo\org\springframework\boot\spring-boot-test\2.4.3\spring-boot-test-2.4.3.jar;D:\maven\apache-maven-3.6.3\maven-repo\org\springframework\boot\spring-boot-test-autoconfigure\2.4.3\spring-boot-test-autoconfigure-2.4.3.jar;D:\maven\apache-maven-3.6.3\maven-repo\com\jayway\jsonpath\json-path\2.4.0\json-path-2.4.0.jar;D:\maven\apache-maven-3.6.3\maven-repo\net\minidev\json-smart\2.3\json-smart-2.3.jar;D:\maven\apache-maven-3.6.3\maven-repo\net\minidev\accessors-smart\1.2\accessors-smart-1.2.jar;D:\maven\apache-maven-3.6.3\maven-repo\org\ow2\asm\asm\5.0.4\asm-5.0.4.jar;D:\maven\apache-maven-3.6.3\maven-repo\org\slf4j\slf4j-api\1.7.30\slf4j-api-1.7.30.jar;D:\maven\apache-maven-3.6.3\maven-repo\jakarta\xml\bind\jakarta.xml.bind-api\2.3.3\jakarta.xml.bind-api-2.3.3.jar;D:\maven\apache-maven-3.6.3\maven-repo\jakarta\activation\jakarta.activation-api\1.2.2\jakarta.activation-api-1.2.2.jar;D:\maven\apache-maven-3.6.3\maven-repo\org\assertj\assertj-core\3.18.1\assertj-core-3.18.1.jar;D:\maven\apache-maven-3.6.3\maven-repo\org\hamcrest\hamcrest\2.2\hamcrest-2.2.jar;D:\maven\apache-maven-3.6.3\maven-repo\org\junit\jupiter\junit-jupiter\5.7.1\junit-jupiter-5.7.1.jar;D:\maven\apache-maven-3.6.3\maven-repo\org\junit\jupiter\junit-jupiter-api\5.7.1\junit-jupiter-api-5.7.1.jar;D:\maven\apache-maven-3.6.3\maven-repo\org\apiguardian\apiguardian-api\1.1.0\apiguardian-api-1.1.0.jar;D:\maven\apache-maven-3.6.3\maven-repo\org\opentest4j\opentest4j\1.2.0\opentest4j-1.2.0.jar;D:\maven\apache-maven-3.6.3\maven-repo\org\junit\platform\junit-platform-commons\1.7.1\junit-platform-commons-1.7.1.jar;D:\maven\apache-maven-3.6.3\maven-repo\org\junit\jupiter\junit-jupiter-params\5.7.1\junit-jupiter-params-5.7.1.jar;D:\maven\apache-maven-3.6.3\maven-repo\org\junit\jupiter\junit-jupiter-engine\5.7.1\junit-jupiter-engine-5.7.1.jar;D:\maven\apache-maven-3.6.3\maven-repo\org\junit\platform\junit-platform-engine\1.7.1\junit-platform-engine-1.7.1.jar;D:\maven\apache-maven-3.6.3\maven-repo\org\mockito\mockito-core\3.6.28\mockito-core-3.6.28.jar;D:\maven\apache-maven-3.6.3\maven-repo\net\bytebuddy\byte-buddy\1.10.20\byte-buddy-1.10.20.jar;D:\maven\apache-maven-3.6.3\maven-repo\net\bytebuddy\byte-buddy-agent\1.10.20\byte-buddy-agent-1.10.20.jar;D:\maven\apache-maven-3.6.3\maven-repo\org\objenesis\objenesis\3.1\objenesis-3.1.jar;D:\maven\apache-maven-3.6.3\maven-repo\org\mockito\mockito-junit-jupiter\3.6.28\mockito-junit-jupiter-3.6.28.jar;D:\maven\apache-maven-3.6.3\maven-repo\org\skyscreamer\jsonassert\1.5.0\jsonassert-1.5.0.jar;D:\maven\apache-maven-3.6.3\maven-repo\com\vaadin\external\google\android-json\0.0.20131108.vaadin1\android-json-0.0.20131108.vaadin1.jar;D:\maven\apache-maven-3.6.3\maven-repo\org\springframework\spring-core\5.3.4\spring-core-5.3.4.jar;D:\maven\apache-maven-3.6.3\maven-repo\org\springframework\spring-jcl\5.3.4\spring-jcl-5.3.4.jar;D:\maven\apache-maven-3.6.3\maven-repo\org\springframework\spring-test\5.3.4\spring-test-5.3.4.jar;D:\maven\apache-maven-3.6.3\maven-repo\org\xmlunit\xmlunit-core\2.7.0\xmlunit-core-2.7.0.jar;D:\maven\apache-maven-3.6.3\maven-repo\com\alibaba\fastjson\1.2.47\fastjson-1.2.47.jar;D:\maven\apache-maven-3.6.3\maven-repo\org\projectlombok\lombok\1.18.18\lombok-1.18.18.jar;D:\maven\apache-maven-3.6.3\maven-repo\org\springframework\boot\spring-boot-starter-jdbc\2.4.3\spring-boot-starter-jdbc-2.4.3.jar;D:\maven\apache-maven-3.6.3\maven-repo\com\zaxxer\HikariCP\3.4.5\HikariCP-3.4.5.jar;D:\maven\apache-maven-3.6.3\maven-repo\org\springframework\spring-jdbc\5.3.4\spring-jdbc-5.3.4.jar;D:\maven\apache-maven-3.6.3\maven-repo\org\springframework\spring-tx\5.3.4\spring-tx-5.3.4.jar;D:\maven\apache-maven-3.6.3\maven-repo\org\mybatis\spring\boot\mybatis-spring-boot-starter\2.1.4\mybatis-spring-boot-starter-2.1.4.jar;D:\maven\apache-maven-3.6.3\maven-repo\org\mybatis\spring\boot\mybatis-spring-boot-autoconfigure\2.1.4\mybatis-spring-boot-autoconfigure-2.1.4.jar;D:\maven\apache-maven-3.6.3\maven-repo\org\mybatis\mybatis\3.5.6\mybatis-3.5.6.jar;D:\maven\apache-maven-3.6.3\maven-repo\org\mybatis\mybatis-spring\2.0.6\mybatis-spring-2.0.6.jar;D:\maven\apache-maven-3.6.3\maven-repo\mysql\mysql-connector-java\5.1.47\mysql-connector-java-5.1.47.jar;D:\maven\apache-maven-3.6.3\maven-repo\org\springframework\boot\spring-boot-starter-thymeleaf\2.4.3\spring-boot-starter-thymeleaf-2.4.3.jar;D:\maven\apache-maven-3.6.3\maven-repo\org\thymeleaf\thymeleaf-spring5\3.0.12.RELEASE\thymeleaf-spring5-3.0.12.RELEASE.jar;D:\maven\apache-maven-3.6.3\maven-repo\org\thymeleaf\thymeleaf\3.0.12.RELEASE\thymeleaf-3.0.12.RELEASE.jar;D:\maven\apache-maven-3.6.3\maven-repo\org\attoparser\attoparser\2.0.5.RELEASE\attoparser-2.0.5.RELEASE.jar;D:\maven\apache-maven-3.6.3\maven-repo\org\unbescape\unbescape\1.1.6.RELEASE\unbescape-1.1.6.RELEASE.jar;D:\maven\apache-maven-3.6.3\maven-repo\org\thymeleaf\extras\thymeleaf-extras-java8time\3.0.4.RELEASE\thymeleaf-extras-java8time-3.0.4.RELEASE.jar;D:\maven\apache-maven-3.6.3\maven-repo\com\github\pagehelper\pagehelper-spring-boot-starter\1.2.12\pagehelper-spring-boot-starter-1.2.12.jar;D:\maven\apache-maven-3.6.3\maven-repo\com\github\pagehelper\pagehelper-spring-boot-autoconfigure\1.2.12\pagehelper-spring-boot-autoconfigure-1.2.12.jar;D:\maven\apache-maven-3.6.3\maven-repo\com\github\pagehelper\pagehelper\5.1.10\pagehelper-5.1.10.jar;D:\maven\apache-maven-3.6.3\maven-repo\com\github\jsqlparser\jsqlparser\2.0\jsqlparser-2.0.jar;"/>
    <property name="java.vm.vendor" value="Oracle Corporation"/>
    <property name="sun.arch.data.model" value="64"/>
    <property name="user.variant" value=""/>
    <property name="java.vendor.url" value="http://java.oracle.com/"/>
    <property name="user.timezone" value="Asia/Shanghai"/>
    <property name="java.vm.specification.version" value="1.8"/>
    <property name="os.name" value="Windows 10"/>
    <property name="user.country" value="CN"/>
    <property name="sun.java.launcher" value="SUN_STANDARD"/>
    <property name="sun.boot.library.path" value="C:\Program Files\Java\jdk1.8.0_241\jre\bin"/>
    <property name="sun.java.command" value="C:\Users\WWJ20\AppData\Local\Temp\surefire1042067724055001928\surefirebooter8856402694857940874.jar C:\Users\WWJ20\AppData\Local\Temp\surefire1042067724055001928 2021-03-28T19-30-59_411-jvmRun1 surefire4007987517738365113tmp surefire_02273407868867335561tmp"/>
    <property name="surefire.test.class.path" value="C:\Users\WWJ20\Documents\GitHub\PairProject\pairProject\target\test-classes;C:\Users\WWJ20\Documents\GitHub\PairProject\pairProject\target\classes;D:\maven\apache-maven-3.6.3\maven-repo\org\springframework\boot\spring-boot-starter-web\2.4.3\spring-boot-starter-web-2.4.3.jar;D:\maven\apache-maven-3.6.3\maven-repo\org\springframework\boot\spring-boot-starter\2.4.3\spring-boot-starter-2.4.3.jar;D:\maven\apache-maven-3.6.3\maven-repo\org\springframework\boot\spring-boot\2.4.3\spring-boot-2.4.3.jar;D:\maven\apache-maven-3.6.3\maven-repo\org\springframework\boot\spring-boot-autoconfigure\2.4.3\spring-boot-autoconfigure-2.4.3.jar;D:\maven\apache-maven-3.6.3\maven-repo\org\springframework\boot\spring-boot-starter-logging\2.4.3\spring-boot-starter-logging-2.4.3.jar;D:\maven\apache-maven-3.6.3\maven-repo\ch\qos\logback\logback-classic\1.2.3\logback-classic-1.2.3.jar;D:\maven\apache-maven-3.6.3\maven-repo\ch\qos\logback\logback-core\1.2.3\logback-core-1.2.3.jar;D:\maven\apache-maven-3.6.3\maven-repo\org\apache\logging\log4j\log4j-to-slf4j\2.13.3\log4j-to-slf4j-2.13.3.jar;D:\maven\apache-maven-3.6.3\maven-repo\org\apache\logging\log4j\log4j-api\2.13.3\log4j-api-2.13.3.jar;D:\maven\apache-maven-3.6.3\maven-repo\org\slf4j\jul-to-slf4j\1.7.30\jul-to-slf4j-1.7.30.jar;D:\maven\apache-maven-3.6.3\maven-repo\jakarta\annotation\jakarta.annotation-api\1.3.5\jakarta.annotation-api-1.3.5.jar;D:\maven\apache-maven-3.6.3\maven-repo\org\yaml\snakeyaml\1.27\snakeyaml-1.27.jar;D:\maven\apache-maven-3.6.3\maven-repo\org\springframework\boot\spring-boot-starter-json\2.4.3\spring-boot-starter-json-2.4.3.jar;D:\maven\apache-maven-3.6.3\maven-repo\com\fasterxml\jackson\core\jackson-databind\2.11.4\jackson-databind-2.11.4.jar;D:\maven\apache-maven-3.6.3\maven-repo\com\fasterxml\jackson\core\jackson-annotations\2.11.4\jackson-annotations-2.11.4.jar;D:\maven\apache-maven-3.6.3\maven-repo\com\fasterxml\jackson\core\jackson-core\2.11.4\jackson-core-2.11.4.jar;D:\maven\apache-maven-3.6.3\maven-repo\com\fasterxml\jackson\datatype\jackson-datatype-jdk8\2.11.4\jackson-datatype-jdk8-2.11.4.jar;D:\maven\apache-maven-3.6.3\maven-repo\com\fasterxml\jackson\datatype\jackson-datatype-jsr310\2.11.4\jackson-datatype-jsr310-2.11.4.jar;D:\maven\apache-maven-3.6.3\maven-repo\com\fasterxml\jackson\module\jackson-module-parameter-names\2.11.4\jackson-module-parameter-names-2.11.4.jar;D:\maven\apache-maven-3.6.3\maven-repo\org\springframework\boot\spring-boot-starter-tomcat\2.4.3\spring-boot-starter-tomcat-2.4.3.jar;D:\maven\apache-maven-3.6.3\maven-repo\org\apache\tomcat\embed\tomcat-embed-core\9.0.43\tomcat-embed-core-9.0.43.jar;D:\maven\apache-maven-3.6.3\maven-repo\org\glassfish\jakarta.el\3.0.3\jakarta.el-3.0.3.jar;D:\maven\apache-maven-3.6.3\maven-repo\org\apache\tomcat\embed\tomcat-embed-websocket\9.0.43\tomcat-embed-websocket-9.0.43.jar;D:\maven\apache-maven-3.6.3\maven-repo\org\springframework\spring-web\5.3.4\spring-web-5.3.4.jar;D:\maven\apache-maven-3.6.3\maven-repo\org\springframework\spring-beans\5.3.4\spring-beans-5.3.4.jar;D:\maven\apache-maven-3.6.3\maven-repo\org\springframework\spring-webmvc\5.3.4\spring-webmvc-5.3.4.jar;D:\maven\apache-maven-3.6.3\maven-repo\org\springframework\spring-aop\5.3.4\spring-aop-5.3.4.jar;D:\maven\apache-maven-3.6.3\maven-repo\org\springframework\spring-context\5.3.4\spring-context-5.3.4.jar;D:\maven\apache-maven-3.6.3\maven-repo\org\springframework\spring-expression\5.3.4\spring-expression-5.3.4.jar;D:\maven\apache-maven-3.6.3\maven-repo\org\springframework\boot\spring-boot-starter-test\2.4.3\spring-boot-starter-test-2.4.3.jar;D:\maven\apache-maven-3.6.3\maven-repo\org\springframework\boot\spring-boot-test\2.4.3\spring-boot-test-2.4.3.jar;D:\maven\apache-maven-3.6.3\maven-repo\org\springframework\boot\spring-boot-test-autoconfigure\2.4.3\spring-boot-test-autoconfigure-2.4.3.jar;D:\maven\apache-maven-3.6.3\maven-repo\com\jayway\jsonpath\json-path\2.4.0\json-path-2.4.0.jar;D:\maven\apache-maven-3.6.3\maven-repo\net\minidev\json-smart\2.3\json-smart-2.3.jar;D:\maven\apache-maven-3.6.3\maven-repo\net\minidev\accessors-smart\1.2\accessors-smart-1.2.jar;D:\maven\apache-maven-3.6.3\maven-repo\org\ow2\asm\asm\5.0.4\asm-5.0.4.jar;D:\maven\apache-maven-3.6.3\maven-repo\org\slf4j\slf4j-api\1.7.30\slf4j-api-1.7.30.jar;D:\maven\apache-maven-3.6.3\maven-repo\jakarta\xml\bind\jakarta.xml.bind-api\2.3.3\jakarta.xml.bind-api-2.3.3.jar;D:\maven\apache-maven-3.6.3\maven-repo\jakarta\activation\jakarta.activation-api\1.2.2\jakarta.activation-api-1.2.2.jar;D:\maven\apache-maven-3.6.3\maven-repo\org\assertj\assertj-core\3.18.1\assertj-core-3.18.1.jar;D:\maven\apache-maven-3.6.3\maven-repo\org\hamcrest\hamcrest\2.2\hamcrest-2.2.jar;D:\maven\apache-maven-3.6.3\maven-repo\org\junit\jupiter\junit-jupiter\5.7.1\junit-jupiter-5.7.1.jar;D:\maven\apache-maven-3.6.3\maven-repo\org\junit\jupiter\junit-jupiter-api\5.7.1\junit-jupiter-api-5.7.1.jar;D:\maven\apache-maven-3.6.3\maven-repo\org\apiguardian\apiguardian-api\1.1.0\apiguardian-api-1.1.0.jar;D:\maven\apache-maven-3.6.3\maven-repo\org\opentest4j\opentest4j\1.2.0\opentest4j-1.2.0.jar;D:\maven\apache-maven-3.6.3\maven-repo\org\junit\platform\junit-platform-commons\1.7.1\junit-platform-commons-1.7.1.jar;D:\maven\apache-maven-3.6.3\maven-repo\org\junit\jupiter\junit-jupiter-params\5.7.1\junit-jupiter-params-5.7.1.jar;D:\maven\apache-maven-3.6.3\maven-repo\org\junit\jupiter\junit-jupiter-engine\5.7.1\junit-jupiter-engine-5.7.1.jar;D:\maven\apache-maven-3.6.3\maven-repo\org\junit\platform\junit-platform-engine\1.7.1\junit-platform-engine-1.7.1.jar;D:\maven\apache-maven-3.6.3\maven-repo\org\mockito\mockito-core\3.6.28\mockito-core-3.6.28.jar;D:\maven\apache-maven-3.6.3\maven-repo\net\bytebuddy\byte-buddy\1.10.20\byte-buddy-1.10.20.jar;D:\maven\apache-maven-3.6.3\maven-repo\net\bytebuddy\byte-buddy-agent\1.10.20\byte-buddy-agent-1.10.20.jar;D:\maven\apache-maven-3.6.3\maven-repo\org\objenesis\objenesis\3.1\objenesis-3.1.jar;D:\maven\apache-maven-3.6.3\maven-repo\org\mockito\mockito-junit-jupiter\3.6.28\mockito-junit-jupiter-3.6.28.jar;D:\maven\apache-maven-3.6.3\maven-repo\org\skyscreamer\jsonassert\1.5.0\jsonassert-1.5.0.jar;D:\maven\apache-maven-3.6.3\maven-repo\com\vaadin\external\google\android-json\0.0.20131108.vaadin1\android-json-0.0.20131108.vaadin1.jar;D:\maven\apache-maven-3.6.3\maven-repo\org\springframework\spring-core\5.3.4\spring-core-5.3.4.jar;D:\maven\apache-maven-3.6.3\maven-repo\org\springframework\spring-jcl\5.3.4\spring-jcl-5.3.4.jar;D:\maven\apache-maven-3.6.3\maven-repo\org\springframework\spring-test\5.3.4\spring-test-5.3.4.jar;D:\maven\apache-maven-3.6.3\maven-repo\org\xmlunit\xmlunit-core\2.7.0\xmlunit-core-2.7.0.jar;D:\maven\apache-maven-3.6.3\maven-repo\com\alibaba\fastjson\1.2.47\fastjson-1.2.47.jar;D:\maven\apache-maven-3.6.3\maven-repo\org\projectlombok\lombok\1.18.18\lombok-1.18.18.jar;D:\maven\apache-maven-3.6.3\maven-repo\org\springframework\boot\spring-boot-starter-jdbc\2.4.3\spring-boot-starter-jdbc-2.4.3.jar;D:\maven\apache-maven-3.6.3\maven-repo\com\zaxxer\HikariCP\3.4.5\HikariCP-3.4.5.jar;D:\maven\apache-maven-3.6.3\maven-repo\org\springframework\spring-jdbc\5.3.4\spring-jdbc-5.3.4.jar;D:\maven\apache-maven-3.6.3\maven-repo\org\springframework\spring-tx\5.3.4\spring-tx-5.3.4.jar;D:\maven\apache-maven-3.6.3\maven-repo\org\mybatis\spring\boot\mybatis-spring-boot-starter\2.1.4\mybatis-spring-boot-starter-2.1.4.jar;D:\maven\apache-maven-3.6.3\maven-repo\org\mybatis\spring\boot\mybatis-spring-boot-autoconfigure\2.1.4\mybatis-spring-boot-autoconfigure-2.1.4.jar;D:\maven\apache-maven-3.6.3\maven-repo\org\mybatis\mybatis\3.5.6\mybatis-3.5.6.jar;D:\maven\apache-maven-3.6.3\maven-repo\org\mybatis\mybatis-spring\2.0.6\mybatis-spring-2.0.6.jar;D:\maven\apache-maven-3.6.3\maven-repo\mysql\mysql-connector-java\5.1.47\mysql-connector-java-5.1.47.jar;D:\maven\apache-maven-3.6.3\maven-repo\org\springframework\boot\spring-boot-starter-thymeleaf\2.4.3\spring-boot-starter-thymeleaf-2.4.3.jar;D:\maven\apache-maven-3.6.3\maven-repo\org\thymeleaf\thymeleaf-spring5\3.0.12.RELEASE\thymeleaf-spring5-3.0.12.RELEASE.jar;D:\maven\apache-maven-3.6.3\maven-repo\org\thymeleaf\thymeleaf\3.0.12.RELEASE\thymeleaf-3.0.12.RELEASE.jar;D:\maven\apache-maven-3.6.3\maven-repo\org\attoparser\attoparser\2.0.5.RELEASE\attoparser-2.0.5.RELEASE.jar;D:\maven\apache-maven-3.6.3\maven-repo\org\unbescape\unbescape\1.1.6.RELEASE\unbescape-1.1.6.RELEASE.jar;D:\maven\apache-maven-3.6.3\maven-repo\org\thymeleaf\extras\thymeleaf-extras-java8time\3.0.4.RELEASE\thymeleaf-extras-java8time-3.0.4.RELEASE.jar;D:\maven\apache-maven-3.6.3\maven-repo\com\github\pagehelper\pagehelper-spring-boot-starter\1.2.12\pagehelper-spring-boot-starter-1.2.12.jar;D:\maven\apache-maven-3.6.3\maven-repo\com\github\pagehelper\pagehelper-spring-boot-autoconfigure\1.2.12\pagehelper-spring-boot-autoconfigure-1.2.12.jar;D:\maven\apache-maven-3.6.3\maven-repo\com\github\pagehelper\pagehelper\5.1.10\pagehelper-5.1.10.jar;D:\maven\apache-maven-3.6.3\maven-repo\com\github\jsqlparser\jsqlparser\2.0\jsqlparser-2.0.jar;"/>
    <property name="sun.cpu.endian" value="little"/>
    <property name="user.home" value="C:\Users\WWJ20"/>
    <property name="user.language" value="zh"/>
    <property name="java.specification.vendor" value="Oracle Corporation"/>
    <property name="java.home" value="C:\Program Files\Java\jdk1.8.0_241\jre"/>
    <property name="basedir" value="C:\Users\WWJ20\Documents\GitHub\PairProject\pairProject"/>
    <property name="file.separator" value="\"/>
    <property name="line.separator" value="&#10;"/>
    <property name="java.vm.specification.vendor" value="Oracle Corporation"/>
    <property name="java.specification.name" value="Java Platform API Specification"/>
    <property name="java.awt.graphicsenv" value="sun.awt.Win32GraphicsEnvironment"/>
    <property name="surefire.real.class.path" value="C:\Users\WWJ20\AppData\Local\Temp\surefire1042067724055001928\surefirebooter8856402694857940874.jar"/>
    <property name="sun.boot.class.path" value="C:\Program Files\Java\jdk1.8.0_241\jre\lib\resources.jar;C:\Program Files\Java\jdk1.8.0_241\jre\lib\rt.jar;C:\Program Files\Java\jdk1.8.0_241\jre\lib\sunrsasign.jar;C:\Program Files\Java\jdk1.8.0_241\jre\lib\jsse.jar;C:\Program Files\Java\jdk1.8.0_241\jre\lib\jce.jar;C:\Program Files\Java\jdk1.8.0_241\jre\lib\charsets.jar;C:\Program Files\Java\jdk1.8.0_241\jre\lib\jfr.jar;C:\Program Files\Java\jdk1.8.0_241\jre\classes"/>
    <property name="user.script" value=""/>
    <property name="sun.management.compiler" value="HotSpot 64-Bit Tiered Compilers"/>
    <property name="java.runtime.version" value="1.8.0_241-b07"/>
    <property name="user.name" value="WWJ20"/>
    <property name="path.separator" value=";"/>
    <property name="os.version" value="10.0"/>
    <property name="java.endorsed.dirs" value="C:\Program Files\Java\jdk1.8.0_241\jre\lib\endorsed"/>
    <property name="java.runtime.name" value="Java(TM) SE Runtime Environment"/>
    <property name="file.encoding" value="GBK"/>
    <property name="java.vm.name" value="Java HotSpot(TM) 64-Bit Server VM"/>
    <property name="localRepository" value="D:\maven\apache-maven-3.6.3\maven-repo"/>
    <property name="java.vendor.url.bug" value="http://bugreport.sun.com/bugreport/"/>
    <property name="java.io.tmpdir" value="C:\Users\WWJ20\AppData\Local\Temp\"/>
    <property name="idea.version" value="2020.2"/>
    <property name="java.version" value="1.8.0_241"/>
    <property name="user.dir" value="C:\Users\WWJ20\Documents\GitHub\PairProject\pairProject"/>
    <property name="os.arch" value="amd64"/>
    <property name="java.vm.specification.name" value="Java Virtual Machine Specification"/>
    <property name="java.awt.printerjob" value="sun.awt.windows.WPrinterJob"/>
    <property name="sun.os.patch.level" value=""/>
    <property name="java.library.path" value="C:\Program Files\Java\jdk1.8.0_241\jre\bin;C:\WINDOWS\Sun\Java\bin;C:\WINDOWS\system32;C:\WINDOWS;D:\Xshell\;C:\Program Files\Java\jdk1.8.0_241\bin;C:\Program Files (x86)\Common Files\Oracle\Java\javapath;C:\Program Files (x86)\Intel\Intel(R) Management Engine Components\iCLS\;C:\Program Files\Intel\Intel(R) Management Engine Components\iCLS\;C:\Windows\system32;C:\Windows;C:\Windows\System32\Wbem;C:\Windows\System32\WindowsPowerShell\v1.0\;C:\Program Files (x86)\Intel\Intel(R) Management Engine Components\DAL;C:\Program Files\Intel\Intel(R) Management Engine Components\DAL;C:\Program Files (x86)\Intel\Intel(R) Management Engine Components\IPT;C:\Program Files\Intel\Intel(R) Management Engine Components\IPT;C:\Program Files (x86)\NVIDIA Corporation\PhysX\Common;C:\WINDOWS\system32;C:\WINDOWS;C:\WINDOWS\System32\Wbem;C:\WINDOWS\System32\WindowsPowerShell\v1.0\;C:\WINDOWS\System32\OpenSSH\;C:\Program Files (x86)\PuTTY\;C:\Users\WWJ20\Desktop\Mysql\mysql-8.0.20-winx64\bin;C:\Program Files\Microsoft SQL Server\130\Tools\Binn\;D:\maven\apache-maven-3.6.3\bin;C:\Program Files\NVIDIA Corporation\NVIDIA NvDLISR;D:\wamp\bin\php\php5.5.12;D:\nodejs\;D:\nodejs\node_global;C:\Program Files\dotnet\;C:\Users\WWJ20\Desktop\New Folder\bin;C:\Program Files\Git\cmd;C:\WINDOWS\system32;C:\WINDOWS;C:\WINDOWS\System32\Wbem;C:\WINDOWS\System32\WindowsPowerShell\v1.0\;C:\WINDOWS\System32\OpenSSH\;C:\Users\WWJ20\.windows-build-tools\python27\;C:\Users\WWJ20\AppData\Local\Microsoft\WindowsApps;C:\Program Files\Bandizip\;D:\AndroidSDK\tools;D:\AndroidSDK\platform-tools;D:\Microsoft VS Code\Microsoft VS Code\bin;C:\Users\WWJ20\.dotnet\tools;C:\Users\WWJ20\AppData\Roaming\npm;C:\Users\WWJ20\.dotnet\tools;C:\Users\WWJ20\AppData\Local\GitHubDesktop\bin;C:\Users\WWJ20\AppData\Local\Microsoft\WindowsApps;;."/>
    <property name="java.vm.info" value="mixed mode"/>
    <property name="java.vendor" value="Oracle Corporation"/>
    <property name="java.vm.version" value="25.241-b07"/>
    <property name="java.ext.dirs" value="C:\Program Files\Java\jdk1.8.0_241\jre\lib\ext;C:\WINDOWS\Sun\Java\lib\ext"/>
    <property name="sun.io.unicode.encoding" value="UnicodeLittle"/>
    <property name="maven.repo.local" value="D:\maven\apache-maven-3.6.3\maven-repo"/>
    <property name="java.class.version" value="52.0"/>
  </properties>
  <testcase name="contextLoads" classname="com.pair.DemoApplicationTests" time="3.641"/>
</testsuite>